Symlinking /home/arusso/dev/VA50-naviguation/devel/share/transformtrack/cmake/transformtrackConfig.cmake
Symlinking /home/arusso/dev/VA50-naviguation/devel/share/transformtrack/cmake/transformtrack-msg-paths.cmake
Symlinking /home/arusso/dev/VA50-naviguation/devel/share/transformtrack/cmake/transformtrack-msg-extras.cmake
Symlinking /home/arusso/dev/VA50-naviguation/devel/share/transformtrack/cmake/transformtrackConfig-version.cmake
Symlinking /home/arusso/dev/VA50-naviguation/devel/share/roseus/ros/transformtrack/manifest.l
Symlinking /home/arusso/dev/VA50-naviguation/devel/share/roseus/ros/transformtrack/srv/DropVelocity.l
Symlinking /home/arusso/dev/VA50-naviguation/devel/share/roseus/ros/transformtrack/srv/TransformBatch.l
Symlinking /home/arusso/dev/VA50-naviguation/devel/share/gennodejs/ros/transformtrack/_index.js
Symlinking /home/arusso/dev/VA50-naviguation/devel/share/gennodejs/ros/transformtrack/srv/_index.js
Symlinking /home/arusso/dev/VA50-naviguation/devel/share/gennodejs/ros/transformtrack/srv/TransformBatch.js
Symlinking /home/arusso/dev/VA50-naviguation/devel/share/gennodejs/ros/transformtrack/srv/DropVelocity.js
Symlinking /home/arusso/dev/VA50-naviguation/devel/share/common-lisp/ros/transformtrack/srv/_package.lisp
Symlinking /home/arusso/dev/VA50-naviguation/devel/share/common-lisp/ros/transformtrack/srv/_package_TransformBatch.lisp
Symlinking /home/arusso/dev/VA50-naviguation/devel/share/common-lisp/ros/transformtrack/srv/DropVelocity.lisp
Symlinking /home/arusso/dev/VA50-naviguation/devel/share/common-lisp/ros/transformtrack/srv/transformtrack-srv.asd
Symlinking /home/arusso/dev/VA50-naviguation/devel/share/common-lisp/ros/transformtrack/srv/TransformBatch.lisp
Symlinking /home/arusso/dev/VA50-naviguation/devel/share/common-lisp/ros/transformtrack/srv/_package_DropVelocity.lisp
Symlinking /home/arusso/dev/VA50-naviguation/devel/lib/transformtrack/transformtrack_node
Symlinking /home/arusso/dev/VA50-naviguation/devel/lib/python3/dist-packages/transformtrack/__init__.py
Symlinking /home/arusso/dev/VA50-naviguation/devel/lib/python3/dist-packages/transformtrack/srv/__init__.py
Symlinking /home/arusso/dev/VA50-naviguation/devel/lib/python3/dist-packages/transformtrack/srv/_DropVelocity.py
Symlinking /home/arusso/dev/VA50-naviguation/devel/lib/python3/dist-packages/transformtrack/srv/_TransformBatch.py
Symlinking /home/arusso/dev/VA50-naviguation/devel/lib/pkgconfig/transformtrack.pc
Symlinking /home/arusso/dev/VA50-naviguation/devel/include/transformtrack/DropVelocity.h
Symlinking /home/arusso/dev/VA50-naviguation/devel/include/transformtrack/TransformBatchRequest.h
Symlinking /home/arusso/dev/VA50-naviguation/devel/include/transformtrack/DropVelocityRequest.h
Symlinking /home/arusso/dev/VA50-naviguation/devel/include/transformtrack/TransformBatchResponse.h
Symlinking /home/arusso/dev/VA50-naviguation/devel/include/transformtrack/TransformBatch.h
Symlinking /home/arusso/dev/VA50-naviguation/devel/include/transformtrack/DropVelocityResponse.h
