[35m[1mScanning dependencies of target _transformtrack_generate_messages_check_deps_DropVelocity[0m
[35m[1mScanning dependencies of target geometry_msgs_generate_messages_py[0m
[35m[1mScanning dependencies of target _transformtrack_generate_messages_check_deps_TransformBatch[0m
[35m[1mScanning dependencies of target geometry_msgs_generate_messages_lisp[0m
[  0%] Built target geometry_msgs_generate_messages_py
[  0%] Built target geometry_msgs_generate_messages_lisp
[35m[1mScanning dependencies of target geometry_msgs_generate_messages_cpp[0m
[35m[1mScanning dependencies of target geometry_msgs_generate_messages_eus[0m
[  0%] Built target geometry_msgs_generate_messages_cpp
[  0%] Built target geometry_msgs_generate_messages_eus
[  0%] Built target _transformtrack_generate_messages_check_deps_DropVelocity
[35m[1mScanning dependencies of target geometry_msgs_generate_messages_nodejs[0m
[35m[1mScanning dependencies of target transformtrack_node[0m
[  0%] Built target _transformtrack_generate_messages_check_deps_TransformBatch
[  0%] Built target geometry_msgs_generate_messages_nodejs
[35m[1mScanning dependencies of target transformtrack_generate_messages_py[0m
[35m[1mScanning dependencies of target transformtrack_generate_messages_lisp[0m
[35m[1mScanning dependencies of target transformtrack_generate_messages_cpp[0m
[  6%] [34m[1mGenerating Python code from SRV transformtrack/DropVelocity[0m
[ 12%] [34m[1mGenerating Lisp code from transformtrack/DropVelocity.srv[0m
[ 18%] [34m[1mGenerating C++ code from transformtrack/DropVelocity.srv[0m
[ 25%] [32mBuilding CXX object CMakeFiles/transformtrack_node.dir/src/TransformTrackNode.cpp.o[0m
[ 31%] [34m[1mGenerating Lisp code from transformtrack/TransformBatch.srv[0m
[ 31%] Built target transformtrack_generate_messages_lisp
[ 37%] [32mBuilding CXX object CMakeFiles/transformtrack_node.dir/src/TransformManager.cpp.o[0m
[ 43%] [34m[1mGenerating Python code from SRV transformtrack/TransformBatch[0m
[ 50%] [34m[1mGenerating C++ code from transformtrack/TransformBatch.srv[0m
[ 56%] [34m[1mGenerating Python srv __init__.py for transformtrack[0m
[ 56%] Built target transformtrack_generate_messages_cpp
[35m[1mScanning dependencies of target transformtrack_generate_messages_eus[0m
[ 62%] [34m[1mGenerating EusLisp code from transformtrack/DropVelocity.srv[0m
[ 62%] Built target transformtrack_generate_messages_py
[35m[1mScanning dependencies of target transformtrack_generate_messages_nodejs[0m
[ 68%] [34m[1mGenerating Javascript code from transformtrack/DropVelocity.srv[0m
[ 75%] [34m[1mGenerating EusLisp code from transformtrack/TransformBatch.srv[0m
[ 81%] [34m[1mGenerating Javascript code from transformtrack/TransformBatch.srv[0m
[ 87%] [34m[1mGenerating EusLisp manifest code for transformtrack[0m
[ 87%] Built target transformtrack_generate_messages_nodejs
[ 93%] [32mBuilding CXX object CMakeFiles/transformtrack_node.dir/src/main.cpp.o[0m
[ 93%] Built target transformtrack_generate_messages_eus
[35m[1mScanning dependencies of target transformtrack_generate_messages[0m
[ 93%] Built target transformtrack_generate_messages
[100%] [32m[1mLinking CXX executable /home/arusso/dev/VA50-naviguation/devel/.private/transformtrack/lib/transformtrack/transformtrack_node[0m
[100%] Built target transformtrack_node
