[35m[1mScanning dependencies of target _visualization_generate_messages_check_deps_VizUpdate[0m
[35m[1mScanning dependencies of target sensor_msgs_generate_messages_eus[0m
[35m[1mScanning dependencies of target sensor_msgs_generate_messages_py[0m
[  0%] Built target sensor_msgs_generate_messages_py
[  0%] Built target sensor_msgs_generate_messages_eus
[35m[1mScanning dependencies of target sensor_msgs_generate_messages_nodejs[0m
[35m[1mScanning dependencies of target sensor_msgs_generate_messages_lisp[0m
[  0%] Built target sensor_msgs_generate_messages_nodejs
[  0%] Built target sensor_msgs_generate_messages_lisp
[35m[1mScanning dependencies of target sensor_msgs_generate_messages_cpp[0m
[  0%] Built target _visualization_generate_messages_check_deps_VizUpdate
[  0%] Built target sensor_msgs_generate_messages_cpp
[35m[1mScanning dependencies of target visualization_generate_messages_eus[0m
[35m[1mScanning dependencies of target visualization_generate_messages_py[0m
[35m[1mScanning dependencies of target visualization_generate_messages_nodejs[0m
[ 28%] [34m[1mGenerating Python from MSG visualization/VizUpdate[0m
[ 28%] [34m[1mGenerating EusLisp code from visualization/VizUpdate.msg[0m
[ 42%] [34m[1mGenerating Javascript code from visualization/VizUpdate.msg[0m
[ 42%] Built target visualization_generate_messages_nodejs
[ 57%] [34m[1mGenerating EusLisp manifest code for visualization[0m
[35m[1mScanning dependencies of target visualization_generate_messages_lisp[0m
[ 71%] [34m[1mGenerating Lisp code from visualization/VizUpdate.msg[0m
[ 71%] Built target visualization_generate_messages_lisp
[35m[1mScanning dependencies of target visualization_generate_messages_cpp[0m
[ 85%] [34m[1mGenerating Python msg __init__.py for visualization[0m
[100%] [34m[1mGenerating C++ code from visualization/VizUpdate.msg[0m
[100%] Built target visualization_generate_messages_cpp
[100%] Built target visualization_generate_messages_py
[100%] Built target visualization_generate_messages_eus
[35m[1mScanning dependencies of target visualization_generate_messages[0m
[100%] Built target visualization_generate_messages
