Linked: (/home/sebastien/ProjetVA50/VA50-navigation/devel/.private/circulation/share/gennodejs/ros/circulation/_index.js, /home/sebastien/ProjetVA50/VA50-navigation/devel/share/gennodejs/ros/circulation/_index.js)
Linked: (/home/sebastien/ProjetVA50/VA50-navigation/devel/.private/circulation/share/gennodejs/ros/circulation/msg/Trajectory.js, /home/sebastien/ProjetVA50/VA50-navigation/devel/share/gennodejs/ros/circulation/msg/Trajectory.js)
Linked: (/home/sebastien/ProjetVA50/VA50-navigation/devel/.private/circulation/share/gennodejs/ros/circulation/msg/_index.js, /home/sebastien/ProjetVA50/VA50-navigation/devel/share/gennodejs/ros/circulation/msg/_index.js)
Linked: (/home/sebastien/ProjetVA50/VA50-navigation/devel/.private/circulation/share/roseus/ros/circulation/manifest.l, /home/sebastien/ProjetVA50/VA50-navigation/devel/share/roseus/ros/circulation/manifest.l)
Linked: (/home/sebastien/ProjetVA50/VA50-navigation/devel/.private/circulation/share/roseus/ros/circulation/msg/Trajectory.l, /home/sebastien/ProjetVA50/VA50-navigation/devel/share/roseus/ros/circulation/msg/Trajectory.l)
Linked: (/home/sebastien/ProjetVA50/VA50-navigation/devel/.private/circulation/share/common-lisp/ros/circulation/msg/_package_Trajectory.lisp, /home/sebastien/ProjetVA50/VA50-navigation/devel/share/common-lisp/ros/circulation/msg/_package_Trajectory.lisp)
Linked: (/home/sebastien/ProjetVA50/VA50-navigation/devel/.private/circulation/share/common-lisp/ros/circulation/msg/circulation-msg.asd, /home/sebastien/ProjetVA50/VA50-navigation/devel/share/common-lisp/ros/circulation/msg/circulation-msg.asd)
Linked: (/home/sebastien/ProjetVA50/VA50-navigation/devel/.private/circulation/share/common-lisp/ros/circulation/msg/_package.lisp, /home/sebastien/ProjetVA50/VA50-navigation/devel/share/common-lisp/ros/circulation/msg/_package.lisp)
Linked: (/home/sebastien/ProjetVA50/VA50-navigation/devel/.private/circulation/share/common-lisp/ros/circulation/msg/Trajectory.lisp, /home/sebastien/ProjetVA50/VA50-navigation/devel/share/common-lisp/ros/circulation/msg/Trajectory.lisp)
Linked: (/home/sebastien/ProjetVA50/VA50-navigation/devel/.private/circulation/share/circulation/cmake/circulationConfig.cmake, /home/sebastien/ProjetVA50/VA50-navigation/devel/share/circulation/cmake/circulationConfig.cmake)
Linked: (/home/sebastien/ProjetVA50/VA50-navigation/devel/.private/circulation/share/circulation/cmake/circulation-msg-paths.cmake, /home/sebastien/ProjetVA50/VA50-navigation/devel/share/circulation/cmake/circulation-msg-paths.cmake)
Linked: (/home/sebastien/ProjetVA50/VA50-navigation/devel/.private/circulation/share/circulation/cmake/circulation-msg-extras.cmake, /home/sebastien/ProjetVA50/VA50-navigation/devel/share/circulation/cmake/circulation-msg-extras.cmake)
Linked: (/home/sebastien/ProjetVA50/VA50-navigation/devel/.private/circulation/share/circulation/cmake/circulationConfig-version.cmake, /home/sebastien/ProjetVA50/VA50-navigation/devel/share/circulation/cmake/circulationConfig-version.cmake)
Linked: (/home/sebastien/ProjetVA50/VA50-navigation/devel/.private/circulation/lib/python3/dist-packages/circulation/__init__.py, /home/sebastien/ProjetVA50/VA50-navigation/devel/lib/python3/dist-packages/circulation/__init__.py)
Linked: (/home/sebastien/ProjetVA50/VA50-navigation/devel/.private/circulation/lib/python3/dist-packages/circulation/msg/_Trajectory.py, /home/sebastien/ProjetVA50/VA50-navigation/devel/lib/python3/dist-packages/circulation/msg/_Trajectory.py)
Linked: (/home/sebastien/ProjetVA50/VA50-navigation/devel/.private/circulation/lib/python3/dist-packages/circulation/msg/__init__.py, /home/sebastien/ProjetVA50/VA50-navigation/devel/lib/python3/dist-packages/circulation/msg/__init__.py)
Linked: (/home/sebastien/ProjetVA50/VA50-navigation/devel/.private/circulation/lib/pkgconfig/circulation.pc, /home/sebastien/ProjetVA50/VA50-navigation/devel/lib/pkgconfig/circulation.pc)
Linked: (/home/sebastien/ProjetVA50/VA50-navigation/devel/.private/circulation/lib/circulation/circulation4.py, /home/sebastien/ProjetVA50/VA50-navigation/devel/lib/circulation/circulation4.py)
Linked: (/home/sebastien/ProjetVA50/VA50-navigation/devel/.private/circulation/lib/circulation/cmake.lock, /home/sebastien/ProjetVA50/VA50-navigation/devel/lib/circulation/cmake.lock)
Linked: (/home/sebastien/ProjetVA50/VA50-navigation/devel/.private/circulation/include/circulation/Trajectory.h, /home/sebastien/ProjetVA50/VA50-navigation/devel/include/circulation/Trajectory.h)
