Symlinking /home/sebastien/ProjetVA50/VA50-navigation/devel/share/gennodejs/ros/circulation/_index.js
Symlinking /home/sebastien/ProjetVA50/VA50-navigation/devel/share/gennodejs/ros/circulation/msg/Trajectory.js
Symlinking /home/sebastien/ProjetVA50/VA50-navigation/devel/share/gennodejs/ros/circulation/msg/_index.js
Symlinking /home/sebastien/ProjetVA50/VA50-navigation/devel/share/roseus/ros/circulation/manifest.l
Symlinking /home/sebastien/ProjetVA50/VA50-navigation/devel/share/roseus/ros/circulation/msg/Trajectory.l
Symlinking /home/sebastien/ProjetVA50/VA50-navigation/devel/share/common-lisp/ros/circulation/msg/_package_Trajectory.lisp
Symlinking /home/sebastien/ProjetVA50/VA50-navigation/devel/share/common-lisp/ros/circulation/msg/circulation-msg.asd
Symlinking /home/sebastien/ProjetVA50/VA50-navigation/devel/share/common-lisp/ros/circulation/msg/_package.lisp
Symlinking /home/sebastien/ProjetVA50/VA50-navigation/devel/share/common-lisp/ros/circulation/msg/Trajectory.lisp
Symlinking /home/sebastien/ProjetVA50/VA50-navigation/devel/share/circulation/cmake/circulationConfig.cmake
Symlinking /home/sebastien/ProjetVA50/VA50-navigation/devel/share/circulation/cmake/circulation-msg-paths.cmake
Symlinking /home/sebastien/ProjetVA50/VA50-navigation/devel/share/circulation/cmake/circulation-msg-extras.cmake
Symlinking /home/sebastien/ProjetVA50/VA50-navigation/devel/share/circulation/cmake/circulationConfig-version.cmake
Symlinking /home/sebastien/ProjetVA50/VA50-navigation/devel/lib/python3/dist-packages/circulation/__init__.py
Symlinking /home/sebastien/ProjetVA50/VA50-navigation/devel/lib/python3/dist-packages/circulation/msg/_Trajectory.py
Symlinking /home/sebastien/ProjetVA50/VA50-navigation/devel/lib/python3/dist-packages/circulation/msg/__init__.py
Symlinking /home/sebastien/ProjetVA50/VA50-navigation/devel/lib/pkgconfig/circulation.pc
Symlinking /home/sebastien/ProjetVA50/VA50-navigation/devel/lib/circulation/circulation4.py
Symlinking /home/sebastien/ProjetVA50/VA50-navigation/devel/lib/circulation/cmake.lock
Symlinking /home/sebastien/ProjetVA50/VA50-navigation/devel/include/circulation/Trajectory.h
