[0.865s] DEBUG:colcon:Command line arguments: ['/usr/bin/colcon', 'list', '-p', '--base-paths', '/home/arusso/dev/ws_utac']
[0.865s] DEBUG:colcon:Parsed command line arguments: Namespace(log_base=None, log_level=None, verb_name='list', build_base='build', ignore_user_meta=False, metas=['./colcon.meta'], base_paths=['/home/arusso/dev/ws_utac'], packages_ignore=None, packages_ignore_regex=None, paths=None, packages_up_to=None, packages_up_to_regex=None, packages_above=None, packages_above_and_dependencies=None, packages_above_depth=None, packages_select_by_dep=None, packages_skip_by_dep=None, packages_skip_up_to=None, packages_select_build_failed=False, packages_skip_build_finished=False, packages_select_test_failures=False, packages_skip_test_passed=False, packages_select=None, packages_skip=None, packages_select_regex=None, packages_skip_regex=None, packages_start=None, packages_end=None, allow_overriding=[], topological_order=False, names_only=False, paths_only=True, topological_graph=False, topological_graph_dot=False, topological_graph_density=False, topological_graph_legend=False, topological_graph_dot_cluster=False, topological_graph_dot_include_skipped=False, verb_parser=<colcon_defaults.argument_parser.defaults.DefaultArgumentsDecorator object at 0x7f199a22da80>, verb_extension=<colcon_package_information.verb.list.ListVerb object at 0x7f199a382440>, main=<bound method ListVerb.main of <colcon_package_information.verb.list.ListVerb object at 0x7f199a382440>>)
[0.922s] Level 1:colcon.colcon_core.package_discovery:discover_packages(colcon_meta) check parameters
[0.922s] Level 1:colcon.colcon_core.package_discovery:discover_packages(recursive) check parameters
[0.922s] Level 1:colcon.colcon_core.package_discovery:discover_packages(ignore) check parameters
[0.922s] Level 1:colcon.colcon_core.package_discovery:discover_packages(path) check parameters
[0.922s] Level 1:colcon.colcon_core.package_discovery:discover_packages(recursive) discover
[0.922s] INFO:colcon.colcon_core.package_discovery:Crawling recursively for packages in '/home/arusso/dev/ws_utac'
[0.923s] Level 1:colcon.colcon_core.package_identification:_identify(/home/arusso/dev/ws_utac) by extensions ['ignore', 'ignore_ament_install']
[0.923s] Level 1:colcon.colcon_core.package_identification:_identify(/home/arusso/dev/ws_utac) by extension 'ignore'
[0.923s] Level 1:colcon.colcon_core.package_identification:_identify(/home/arusso/dev/ws_utac) by extension 'ignore_ament_install'
[0.923s] Level 1:colcon.colcon_core.package_identification:_identify(/home/arusso/dev/ws_utac) by extensions ['colcon_pkg']
[0.923s] Level 1:colcon.colcon_core.package_identification:_identify(/home/arusso/dev/ws_utac) by extension 'colcon_pkg'
[0.923s] Level 1:colcon.colcon_core.package_identification:_identify(/home/arusso/dev/ws_utac) by extensions ['colcon_meta']
[0.923s] Level 1:colcon.colcon_core.package_identification:_identify(/home/arusso/dev/ws_utac) by extension 'colcon_meta'
[0.923s] Level 1:colcon.colcon_core.package_identification:_identify(/home/arusso/dev/ws_utac) by extensions ['ros']
[0.923s] Level 1:colcon.colcon_core.package_identification:_identify(/home/arusso/dev/ws_utac) by extension 'ros'
[0.933s] Level 1:colcon.colcon_core.package_identification:_identify(/home/arusso/dev/ws_utac) by extensions ['cmake', 'python']
[0.933s] Level 1:colcon.colcon_core.package_identification:_identify(/home/arusso/dev/ws_utac) by extension 'cmake'
[0.933s] Level 1:colcon.colcon_core.package_identification:_identify(/home/arusso/dev/ws_utac) by extension 'python'
[0.933s] Level 1:colcon.colcon_core.package_identification:_identify(/home/arusso/dev/ws_utac) by extensions ['python_setup_py']
[0.933s] Level 1:colcon.colcon_core.package_identification:_identify(/home/arusso/dev/ws_utac) by extension 'python_setup_py'
[0.933s] Level 1:colcon.colcon_core.package_identification:_identify(/home/arusso/dev/ws_utac/log) by extensions ['ignore', 'ignore_ament_install']
[0.933s] Level 1:colcon.colcon_core.package_identification:_identify(/home/arusso/dev/ws_utac/log) by extension 'ignore'
[0.933s] Level 1:colcon.colcon_core.package_identification:_identify(/home/arusso/dev/ws_utac/log) ignored
[0.933s] Level 1:colcon.colcon_core.package_identification:_identify(/home/arusso/dev/ws_utac/src) by extensions ['ignore', 'ignore_ament_install']
[0.933s] Level 1:colcon.colcon_core.package_identification:_identify(/home/arusso/dev/ws_utac/src) by extension 'ignore'
[0.934s] Level 1:colcon.colcon_core.package_identification:_identify(/home/arusso/dev/ws_utac/src) by extension 'ignore_ament_install'
[0.934s] Level 1:colcon.colcon_core.package_identification:_identify(/home/arusso/dev/ws_utac/src) by extensions ['colcon_pkg']
[0.934s] Level 1:colcon.colcon_core.package_identification:_identify(/home/arusso/dev/ws_utac/src) by extension 'colcon_pkg'
[0.934s] Level 1:colcon.colcon_core.package_identification:_identify(/home/arusso/dev/ws_utac/src) by extensions ['colcon_meta']
[0.934s] Level 1:colcon.colcon_core.package_identification:_identify(/home/arusso/dev/ws_utac/src) by extension 'colcon_meta'
[0.934s] Level 1:colcon.colcon_core.package_identification:_identify(/home/arusso/dev/ws_utac/src) by extensions ['ros']
[0.934s] Level 1:colcon.colcon_core.package_identification:_identify(/home/arusso/dev/ws_utac/src) by extension 'ros'
[0.934s] Level 1:colcon.colcon_core.package_identification:_identify(/home/arusso/dev/ws_utac/src) by extensions ['cmake', 'python']
[0.934s] Level 1:colcon.colcon_core.package_identification:_identify(/home/arusso/dev/ws_utac/src) by extension 'cmake'
[0.934s] Level 1:colcon.colcon_core.package_identification:_identify(/home/arusso/dev/ws_utac/src) by extension 'python'
[0.934s] Level 1:colcon.colcon_core.package_identification:_identify(/home/arusso/dev/ws_utac/src) by extensions ['python_setup_py']
[0.934s] Level 1:colcon.colcon_core.package_identification:_identify(/home/arusso/dev/ws_utac/src) by extension 'python_setup_py'
[0.934s] Level 1:colcon.colcon_core.package_identification:_identify(/home/arusso/dev/ws_utac/src/circulation) by extensions ['ignore', 'ignore_ament_install']
[0.934s] Level 1:colcon.colcon_core.package_identification:_identify(/home/arusso/dev/ws_utac/src/circulation) by extension 'ignore'
[0.934s] Level 1:colcon.colcon_core.package_identification:_identify(/home/arusso/dev/ws_utac/src/circulation) by extension 'ignore_ament_install'
[0.934s] Level 1:colcon.colcon_core.package_identification:_identify(/home/arusso/dev/ws_utac/src/circulation) by extensions ['colcon_pkg']
[0.934s] Level 1:colcon.colcon_core.package_identification:_identify(/home/arusso/dev/ws_utac/src/circulation) by extension 'colcon_pkg'
[0.934s] Level 1:colcon.colcon_core.package_identification:_identify(/home/arusso/dev/ws_utac/src/circulation) by extensions ['colcon_meta']
[0.934s] Level 1:colcon.colcon_core.package_identification:_identify(/home/arusso/dev/ws_utac/src/circulation) by extension 'colcon_meta'
[0.934s] Level 1:colcon.colcon_core.package_identification:_identify(/home/arusso/dev/ws_utac/src/circulation) by extensions ['ros']
[0.934s] Level 1:colcon.colcon_core.package_identification:_identify(/home/arusso/dev/ws_utac/src/circulation) by extension 'ros'
[0.937s] DEBUG:colcon.colcon_core.package_identification:Package '/home/arusso/dev/ws_utac/src/circulation' with type 'ros.catkin' and name 'circulation'
[0.937s] Level 1:colcon.colcon_core.package_identification:_identify(/home/arusso/dev/ws_utac/src/control) by extensions ['ignore', 'ignore_ament_install']
[0.938s] Level 1:colcon.colcon_core.package_identification:_identify(/home/arusso/dev/ws_utac/src/control) by extension 'ignore'
[0.938s] Level 1:colcon.colcon_core.package_identification:_identify(/home/arusso/dev/ws_utac/src/control) by extension 'ignore_ament_install'
[0.938s] Level 1:colcon.colcon_core.package_identification:_identify(/home/arusso/dev/ws_utac/src/control) by extensions ['colcon_pkg']
[0.938s] Level 1:colcon.colcon_core.package_identification:_identify(/home/arusso/dev/ws_utac/src/control) by extension 'colcon_pkg'
[0.938s] Level 1:colcon.colcon_core.package_identification:_identify(/home/arusso/dev/ws_utac/src/control) by extensions ['colcon_meta']
[0.938s] Level 1:colcon.colcon_core.package_identification:_identify(/home/arusso/dev/ws_utac/src/control) by extension 'colcon_meta'
[0.938s] Level 1:colcon.colcon_core.package_identification:_identify(/home/arusso/dev/ws_utac/src/control) by extensions ['ros']
[0.938s] Level 1:colcon.colcon_core.package_identification:_identify(/home/arusso/dev/ws_utac/src/control) by extension 'ros'
[0.939s] DEBUG:colcon.colcon_core.package_identification:Package '/home/arusso/dev/ws_utac/src/control' with type 'ros.catkin' and name 'control'
[0.939s] Level 1:colcon.colcon_core.package_identification:_identify(/home/arusso/dev/ws_utac/src/direction) by extensions ['ignore', 'ignore_ament_install']
[0.939s] Level 1:colcon.colcon_core.package_identification:_identify(/home/arusso/dev/ws_utac/src/direction) by extension 'ignore'
[0.939s] Level 1:colcon.colcon_core.package_identification:_identify(/home/arusso/dev/ws_utac/src/direction) by extension 'ignore_ament_install'
[0.939s] Level 1:colcon.colcon_core.package_identification:_identify(/home/arusso/dev/ws_utac/src/direction) by extensions ['colcon_pkg']
[0.939s] Level 1:colcon.colcon_core.package_identification:_identify(/home/arusso/dev/ws_utac/src/direction) by extension 'colcon_pkg'
[0.939s] Level 1:colcon.colcon_core.package_identification:_identify(/home/arusso/dev/ws_utac/src/direction) by extensions ['colcon_meta']
[0.939s] Level 1:colcon.colcon_core.package_identification:_identify(/home/arusso/dev/ws_utac/src/direction) by extension 'colcon_meta'
[0.939s] Level 1:colcon.colcon_core.package_identification:_identify(/home/arusso/dev/ws_utac/src/direction) by extensions ['ros']
[0.939s] Level 1:colcon.colcon_core.package_identification:_identify(/home/arusso/dev/ws_utac/src/direction) by extension 'ros'
[0.941s] DEBUG:colcon.colcon_core.package_identification:Package '/home/arusso/dev/ws_utac/src/direction' with type 'ros.catkin' and name 'direction'
[0.941s] Level 1:colcon.colcon_core.package_identification:_identify(/home/arusso/dev/ws_utac/src/geometry2) by extensions ['ignore', 'ignore_ament_install']
[0.941s] Level 1:colcon.colcon_core.package_identification:_identify(/home/arusso/dev/ws_utac/src/geometry2) by extension 'ignore'
[0.941s] Level 1:colcon.colcon_core.package_identification:_identify(/home/arusso/dev/ws_utac/src/geometry2) by extension 'ignore_ament_install'
[0.941s] Level 1:colcon.colcon_core.package_identification:_identify(/home/arusso/dev/ws_utac/src/geometry2) by extensions ['colcon_pkg']
[0.941s] Level 1:colcon.colcon_core.package_identification:_identify(/home/arusso/dev/ws_utac/src/geometry2) by extension 'colcon_pkg'
[0.941s] Level 1:colcon.colcon_core.package_identification:_identify(/home/arusso/dev/ws_utac/src/geometry2) by extensions ['colcon_meta']
[0.941s] Level 1:colcon.colcon_core.package_identification:_identify(/home/arusso/dev/ws_utac/src/geometry2) by extension 'colcon_meta'
[0.941s] Level 1:colcon.colcon_core.package_identification:_identify(/home/arusso/dev/ws_utac/src/geometry2) by extensions ['ros']
[0.941s] Level 1:colcon.colcon_core.package_identification:_identify(/home/arusso/dev/ws_utac/src/geometry2) by extension 'ros'
[0.941s] Level 1:colcon.colcon_core.package_identification:_identify(/home/arusso/dev/ws_utac/src/geometry2) by extensions ['cmake', 'python']
[0.941s] Level 1:colcon.colcon_core.package_identification:_identify(/home/arusso/dev/ws_utac/src/geometry2) by extension 'cmake'
[0.941s] Level 1:colcon.colcon_core.package_identification:_identify(/home/arusso/dev/ws_utac/src/geometry2) by extension 'python'
[0.941s] Level 1:colcon.colcon_core.package_identification:_identify(/home/arusso/dev/ws_utac/src/geometry2) by extensions ['python_setup_py']
[0.941s] Level 1:colcon.colcon_core.package_identification:_identify(/home/arusso/dev/ws_utac/src/geometry2) by extension 'python_setup_py'
[0.941s] Level 1:colcon.colcon_core.package_identification:_identify(/home/arusso/dev/ws_utac/src/trafficsigns) by extensions ['ignore', 'ignore_ament_install']
[0.942s] Level 1:colcon.colcon_core.package_identification:_identify(/home/arusso/dev/ws_utac/src/trafficsigns) by extension 'ignore'
[0.942s] Level 1:colcon.colcon_core.package_identification:_identify(/home/arusso/dev/ws_utac/src/trafficsigns) by extension 'ignore_ament_install'
[0.942s] Level 1:colcon.colcon_core.package_identification:_identify(/home/arusso/dev/ws_utac/src/trafficsigns) by extensions ['colcon_pkg']
[0.942s] Level 1:colcon.colcon_core.package_identification:_identify(/home/arusso/dev/ws_utac/src/trafficsigns) by extension 'colcon_pkg'
[0.942s] Level 1:colcon.colcon_core.package_identification:_identify(/home/arusso/dev/ws_utac/src/trafficsigns) by extensions ['colcon_meta']
[0.942s] Level 1:colcon.colcon_core.package_identification:_identify(/home/arusso/dev/ws_utac/src/trafficsigns) by extension 'colcon_meta'
[0.942s] Level 1:colcon.colcon_core.package_identification:_identify(/home/arusso/dev/ws_utac/src/trafficsigns) by extensions ['ros']
[0.942s] Level 1:colcon.colcon_core.package_identification:_identify(/home/arusso/dev/ws_utac/src/trafficsigns) by extension 'ros'
[0.943s] DEBUG:colcon.colcon_core.package_identification:Package '/home/arusso/dev/ws_utac/src/trafficsigns' with type 'ros.catkin' and name 'trafficsigns'
[0.943s] Level 1:colcon.colcon_core.package_identification:_identify(/home/arusso/dev/ws_utac/src/transformtrack) by extensions ['ignore', 'ignore_ament_install']
[0.943s] Level 1:colcon.colcon_core.package_identification:_identify(/home/arusso/dev/ws_utac/src/transformtrack) by extension 'ignore'
[0.943s] Level 1:colcon.colcon_core.package_identification:_identify(/home/arusso/dev/ws_utac/src/transformtrack) by extension 'ignore_ament_install'
[0.943s] Level 1:colcon.colcon_core.package_identification:_identify(/home/arusso/dev/ws_utac/src/transformtrack) by extensions ['colcon_pkg']
[0.943s] Level 1:colcon.colcon_core.package_identification:_identify(/home/arusso/dev/ws_utac/src/transformtrack) by extension 'colcon_pkg'
[0.943s] Level 1:colcon.colcon_core.package_identification:_identify(/home/arusso/dev/ws_utac/src/transformtrack) by extensions ['colcon_meta']
[0.943s] Level 1:colcon.colcon_core.package_identification:_identify(/home/arusso/dev/ws_utac/src/transformtrack) by extension 'colcon_meta'
[0.943s] Level 1:colcon.colcon_core.package_identification:_identify(/home/arusso/dev/ws_utac/src/transformtrack) by extensions ['ros']
[0.943s] Level 1:colcon.colcon_core.package_identification:_identify(/home/arusso/dev/ws_utac/src/transformtrack) by extension 'ros'
[0.944s] DEBUG:colcon.colcon_core.package_identification:Package '/home/arusso/dev/ws_utac/src/transformtrack' with type 'ros.catkin' and name 'transformtrack'
[0.944s] Level 1:colcon.colcon_core.package_identification:_identify(/home/arusso/dev/ws_utac/src/visualization) by extensions ['ignore', 'ignore_ament_install']
[0.944s] Level 1:colcon.colcon_core.package_identification:_identify(/home/arusso/dev/ws_utac/src/visualization) by extension 'ignore'
[0.944s] Level 1:colcon.colcon_core.package_identification:_identify(/home/arusso/dev/ws_utac/src/visualization) by extension 'ignore_ament_install'
[0.944s] Level 1:colcon.colcon_core.package_identification:_identify(/home/arusso/dev/ws_utac/src/visualization) by extensions ['colcon_pkg']
[0.944s] Level 1:colcon.colcon_core.package_identification:_identify(/home/arusso/dev/ws_utac/src/visualization) by extension 'colcon_pkg'
[0.944s] Level 1:colcon.colcon_core.package_identification:_identify(/home/arusso/dev/ws_utac/src/visualization) by extensions ['colcon_meta']
[0.944s] Level 1:colcon.colcon_core.package_identification:_identify(/home/arusso/dev/ws_utac/src/visualization) by extension 'colcon_meta'
[0.944s] Level 1:colcon.colcon_core.package_identification:_identify(/home/arusso/dev/ws_utac/src/visualization) by extensions ['ros']
[0.945s] Level 1:colcon.colcon_core.package_identification:_identify(/home/arusso/dev/ws_utac/src/visualization) by extension 'ros'
[0.945s] DEBUG:colcon.colcon_core.package_identification:Package '/home/arusso/dev/ws_utac/src/visualization' with type 'ros.catkin' and name 'visualization'
[0.945s] Level 1:colcon.colcon_core.package_discovery:discover_packages(recursive) using defaults
