Linked: (/home/sebastien/ProjetVA50/VA50-navigation/devel/.private/trafficsigns/share/gennodejs/ros/trafficsigns/_index.js, /home/sebastien/ProjetVA50/VA50-navigation/devel/share/gennodejs/ros/trafficsigns/_index.js)
Linked: (/home/sebastien/ProjetVA50/VA50-navigation/devel/.private/trafficsigns/share/gennodejs/ros/trafficsigns/msg/TrafficSignStatus.js, /home/sebastien/ProjetVA50/VA50-navigation/devel/share/gennodejs/ros/trafficsigns/msg/TrafficSignStatus.js)
Linked: (/home/sebastien/ProjetVA50/VA50-navigation/devel/.private/trafficsigns/share/gennodejs/ros/trafficsigns/msg/TrafficSign.js, /home/sebastien/ProjetVA50/VA50-navigation/devel/share/gennodejs/ros/trafficsigns/msg/TrafficSign.js)
Linked: (/home/sebastien/ProjetVA50/VA50-navigation/devel/.private/trafficsigns/share/gennodejs/ros/trafficsigns/msg/_index.js, /home/sebastien/ProjetVA50/VA50-navigation/devel/share/gennodejs/ros/trafficsigns/msg/_index.js)
Linked: (/home/sebastien/ProjetVA50/VA50-navigation/devel/.private/trafficsigns/share/roseus/ros/trafficsigns/manifest.l, /home/sebastien/ProjetVA50/VA50-navigation/devel/share/roseus/ros/trafficsigns/manifest.l)
Linked: (/home/sebastien/ProjetVA50/VA50-navigation/devel/.private/trafficsigns/share/roseus/ros/trafficsigns/msg/TrafficSignStatus.l, /home/sebastien/ProjetVA50/VA50-navigation/devel/share/roseus/ros/trafficsigns/msg/TrafficSignStatus.l)
Linked: (/home/sebastien/ProjetVA50/VA50-navigation/devel/.private/trafficsigns/share/roseus/ros/trafficsigns/msg/TrafficSign.l, /home/sebastien/ProjetVA50/VA50-navigation/devel/share/roseus/ros/trafficsigns/msg/TrafficSign.l)
Linked: (/home/sebastien/ProjetVA50/VA50-navigation/devel/.private/trafficsigns/share/common-lisp/ros/trafficsigns/msg/_package.lisp, /home/sebastien/ProjetVA50/VA50-navigation/devel/share/common-lisp/ros/trafficsigns/msg/_package.lisp)
Linked: (/home/sebastien/ProjetVA50/VA50-navigation/devel/.private/trafficsigns/share/common-lisp/ros/trafficsigns/msg/trafficsigns-msg.asd, /home/sebastien/ProjetVA50/VA50-navigation/devel/share/common-lisp/ros/trafficsigns/msg/trafficsigns-msg.asd)
Linked: (/home/sebastien/ProjetVA50/VA50-navigation/devel/.private/trafficsigns/share/common-lisp/ros/trafficsigns/msg/_package_TrafficSign.lisp, /home/sebastien/ProjetVA50/VA50-navigation/devel/share/common-lisp/ros/trafficsigns/msg/_package_TrafficSign.lisp)
Linked: (/home/sebastien/ProjetVA50/VA50-navigation/devel/.private/trafficsigns/share/common-lisp/ros/trafficsigns/msg/_package_TrafficSignStatus.lisp, /home/sebastien/ProjetVA50/VA50-navigation/devel/share/common-lisp/ros/trafficsigns/msg/_package_TrafficSignStatus.lisp)
Linked: (/home/sebastien/ProjetVA50/VA50-navigation/devel/.private/trafficsigns/share/common-lisp/ros/trafficsigns/msg/TrafficSignStatus.lisp, /home/sebastien/ProjetVA50/VA50-navigation/devel/share/common-lisp/ros/trafficsigns/msg/TrafficSignStatus.lisp)
Linked: (/home/sebastien/ProjetVA50/VA50-navigation/devel/.private/trafficsigns/share/common-lisp/ros/trafficsigns/msg/TrafficSign.lisp, /home/sebastien/ProjetVA50/VA50-navigation/devel/share/common-lisp/ros/trafficsigns/msg/TrafficSign.lisp)
Linked: (/home/sebastien/ProjetVA50/VA50-navigation/devel/.private/trafficsigns/share/trafficsigns/cmake/trafficsignsConfig-version.cmake, /home/sebastien/ProjetVA50/VA50-navigation/devel/share/trafficsigns/cmake/trafficsignsConfig-version.cmake)
Linked: (/home/sebastien/ProjetVA50/VA50-navigation/devel/.private/trafficsigns/share/trafficsigns/cmake/trafficsigns-msg-paths.cmake, /home/sebastien/ProjetVA50/VA50-navigation/devel/share/trafficsigns/cmake/trafficsigns-msg-paths.cmake)
Linked: (/home/sebastien/ProjetVA50/VA50-navigation/devel/.private/trafficsigns/share/trafficsigns/cmake/trafficsignsConfig.cmake, /home/sebastien/ProjetVA50/VA50-navigation/devel/share/trafficsigns/cmake/trafficsignsConfig.cmake)
Linked: (/home/sebastien/ProjetVA50/VA50-navigation/devel/.private/trafficsigns/share/trafficsigns/cmake/trafficsigns-msg-extras.cmake, /home/sebastien/ProjetVA50/VA50-navigation/devel/share/trafficsigns/cmake/trafficsigns-msg-extras.cmake)
Linked: (/home/sebastien/ProjetVA50/VA50-navigation/devel/.private/trafficsigns/lib/python3/dist-packages/trafficsigns/__init__.py, /home/sebastien/ProjetVA50/VA50-navigation/devel/lib/python3/dist-packages/trafficsigns/__init__.py)
Linked: (/home/sebastien/ProjetVA50/VA50-navigation/devel/.private/trafficsigns/lib/python3/dist-packages/trafficsigns/msg/__init__.py, /home/sebastien/ProjetVA50/VA50-navigation/devel/lib/python3/dist-packages/trafficsigns/msg/__init__.py)
Linked: (/home/sebastien/ProjetVA50/VA50-navigation/devel/.private/trafficsigns/lib/python3/dist-packages/trafficsigns/msg/_TrafficSign.py, /home/sebastien/ProjetVA50/VA50-navigation/devel/lib/python3/dist-packages/trafficsigns/msg/_TrafficSign.py)
Linked: (/home/sebastien/ProjetVA50/VA50-navigation/devel/.private/trafficsigns/lib/python3/dist-packages/trafficsigns/msg/_TrafficSignStatus.py, /home/sebastien/ProjetVA50/VA50-navigation/devel/lib/python3/dist-packages/trafficsigns/msg/_TrafficSignStatus.py)
Linked: (/home/sebastien/ProjetVA50/VA50-navigation/devel/.private/trafficsigns/lib/pkgconfig/trafficsigns.pc, /home/sebastien/ProjetVA50/VA50-navigation/devel/lib/pkgconfig/trafficsigns.pc)
Linked: (/home/sebastien/ProjetVA50/VA50-navigation/devel/.private/trafficsigns/include/trafficsigns/TrafficSign.h, /home/sebastien/ProjetVA50/VA50-navigation/devel/include/trafficsigns/TrafficSign.h)
Linked: (/home/sebastien/ProjetVA50/VA50-navigation/devel/.private/trafficsigns/include/trafficsigns/TrafficSignStatus.h, /home/sebastien/ProjetVA50/VA50-navigation/devel/include/trafficsigns/TrafficSignStatus.h)
