Symlinking /home/arusso/dev/VA50-naviguation/devel/share/roseus/ros/trafficsigns/manifest.l
Symlinking /home/arusso/dev/VA50-naviguation/devel/share/roseus/ros/trafficsigns/msg/TrafficSignStatus.l
Symlinking /home/arusso/dev/VA50-naviguation/devel/share/roseus/ros/trafficsigns/msg/TrafficSign.l
Symlinking /home/arusso/dev/VA50-naviguation/devel/share/trafficsigns/cmake/trafficsigns-msg-paths.cmake
Symlinking /home/arusso/dev/VA50-naviguation/devel/share/trafficsigns/cmake/trafficsignsConfig-version.cmake
Symlinking /home/arusso/dev/VA50-naviguation/devel/share/trafficsigns/cmake/trafficsignsConfig.cmake
Symlinking /home/arusso/dev/VA50-naviguation/devel/share/trafficsigns/cmake/trafficsigns-msg-extras.cmake
Symlinking /home/arusso/dev/VA50-naviguation/devel/share/gennodejs/ros/trafficsigns/_index.js
Symlinking /home/arusso/dev/VA50-naviguation/devel/share/gennodejs/ros/trafficsigns/msg/_index.js
Symlinking /home/arusso/dev/VA50-naviguation/devel/share/gennodejs/ros/trafficsigns/msg/TrafficSign.js
Symlinking /home/arusso/dev/VA50-naviguation/devel/share/gennodejs/ros/trafficsigns/msg/TrafficSignStatus.js
Symlinking /home/arusso/dev/VA50-naviguation/devel/share/common-lisp/ros/trafficsigns/msg/_package_TrafficSignStatus.lisp
Symlinking /home/arusso/dev/VA50-naviguation/devel/share/common-lisp/ros/trafficsigns/msg/_package.lisp
Symlinking /home/arusso/dev/VA50-naviguation/devel/share/common-lisp/ros/trafficsigns/msg/_package_TrafficSign.lisp
Symlinking /home/arusso/dev/VA50-naviguation/devel/share/common-lisp/ros/trafficsigns/msg/TrafficSignStatus.lisp
Symlinking /home/arusso/dev/VA50-naviguation/devel/share/common-lisp/ros/trafficsigns/msg/trafficsigns-msg.asd
Symlinking /home/arusso/dev/VA50-naviguation/devel/share/common-lisp/ros/trafficsigns/msg/TrafficSign.lisp
Symlinking /home/arusso/dev/VA50-naviguation/devel/lib/python3/dist-packages/trafficsigns/__init__.py
Symlinking /home/arusso/dev/VA50-naviguation/devel/lib/python3/dist-packages/trafficsigns/msg/__init__.py
Symlinking /home/arusso/dev/VA50-naviguation/devel/lib/python3/dist-packages/trafficsigns/msg/_TrafficSignStatus.py
Symlinking /home/arusso/dev/VA50-naviguation/devel/lib/python3/dist-packages/trafficsigns/msg/_TrafficSign.py
Symlinking /home/arusso/dev/VA50-naviguation/devel/lib/pkgconfig/trafficsigns.pc
Symlinking /home/arusso/dev/VA50-naviguation/devel/include/trafficsigns/TrafficSign.h
Symlinking /home/arusso/dev/VA50-naviguation/devel/include/trafficsigns/TrafficSignStatus.h
